<?xml version="1.0" encoding="UTF-8"?>
<!-- Generated by org.testng.reporters.JUnitXMLReporter -->
<testsuite ignored="6" hostname="MSI" failures="0" tests="1" name="Default test" time="34.22" errors="0" timestamp="2022-12-11T15:32:21 EST">
  <testcase classname="testlayer.Product_Search" name="Product_Sorting" time="25.766"/>
  <testcase classname="testlayer.Product_Search" name="ProductSearch" time="0.0">
    <ignored/>
  </testcase> <!-- ProductSearch -->
  <testcase classname="testlayer.Product_Search" name="ProudctSearch_Info" time="0.0">
    <ignored/>
  </testcase> <!-- ProudctSearch_Info -->
  <testcase classname="testlayer.Product_Search" name="Product_Pagitation" time="0.0">
    <ignored/>
  </testcase> <!-- Product_Pagitation -->
  <testcase classname="testlayer.Product_Search" name="ProductSearch_Navigating" time="0.0">
    <ignored/>
  </testcase> <!-- ProductSearch_Navigating -->
  <testcase classname="testlayer.Product_Search" name="ProudctSearch_AddCart" time="0.0">
    <ignored/>
  </testcase> <!-- ProudctSearch_AddCart -->
  <testcase classname="testlayer.Product_Search" name="Product_Perpage" time="0.0">
    <ignored/>
  </testcase> <!-- Product_Perpage -->
</testsuite> <!-- Default test -->
