<?xml version="1.0" encoding="UTF-8"?>
<!-- Generated by org.testng.reporters.JUnitXMLReporter -->
<testsuite ignored="0" hostname="MSI" failures="0" tests="3" name="Default test" time="94.113" errors="0" timestamp="2022-12-05T21:08:56 EST">
  <testcase classname="testlayer.Product_Search" name="ProductSearch_Navigating" time="30.593"/>
  <testcase classname="testlayer.Product_Search" name="ProudctSearch_Info" time="18.11"/>
  <testcase classname="testlayer.Product_Search" name="ProudctSearch_AddCart" time="20.294"/>
</testsuite> <!-- Default test -->
