<?xml version="1.0" encoding="UTF-8"?>
<testng-results ignored="6" total="7" passed="1" failed="0" skipped="0">
  <reporter-output>
  </reporter-output>
  <suite started-at="2022-12-11T15:31:47 EST" name="Default suite" finished-at="2022-12-11T15:32:21 EST" duration-ms="34220">
    <groups>
    </groups>
    <test started-at="2022-12-11T15:31:47 EST" name="Default test" finished-at="2022-12-11T15:32:21 EST" duration-ms="34220">
      <class name="testlayer.Product_Search">
        <test-method is-config="true" signature="initiatesetup2()[pri:0, instance:testlayer.Product_Search@6e171cd7]" started-at="2022-12-11T15:31:47 EST" name="initiatesetup2" finished-at="2022-12-11T15:31:50 EST" duration-ms="2621" status="PASS">
          <reporter-output>
          </reporter-output>
        </test-method> <!-- initiatesetup2 -->
        <test-method signature="Product_Sorting()[pri:7, instance:testlayer.Product_Search@6e171cd7]" started-at="2022-12-11T15:31:50 EST" name="Product_Sorting" finished-at="2022-12-11T15:32:16 EST" duration-ms="25766" status="PASS">
          <reporter-output>
          </reporter-output>
        </test-method> <!-- Product_Sorting -->
        <test-method is-config="true" signature="close2()[pri:0, instance:testlayer.Product_Search@6e171cd7]" started-at="2022-12-11T15:32:16 EST" name="close2" finished-at="2022-12-11T15:32:21 EST" duration-ms="5807" status="PASS">
          <reporter-output>
          </reporter-output>
        </test-method> <!-- close2 -->
      </class> <!-- testlayer.Product_Search -->
    </test> <!-- Default test -->
  </suite> <!-- Default suite -->
</testng-results>
